2023-09-14 15:02:00,329 [ERROR]: Message: 
Stacktrace:
0   chromedriver                        0x0000000102ec3f48 chromedriver + 4226888
1   chromedriver                        0x0000000102ebc4f4 chromedriver + 4195572
2   chromedriver                        0x0000000102b00d68 chromedriver + 281960
3   chromedriver                        0x0000000102b3bfc8 chromedriver + 524232
4   chromedriver                        0x0000000102b72c58 chromedriver + 748632
5   chromedriver                        0x0000000102b2ff1c chromedriver + 474908
6   chromedriver                        0x0000000102b30ef4 chromedriver + 478964
7   chromedriver                        0x0000000102e8559c chromedriver + 3970460
8   chromedriver                        0x0000000102e896f0 chromedriver + 3987184
9   chromedriver                        0x0000000102e8f5b4 chromedriver + 4011444
10  chromedriver                        0x0000000102e8a2fc chromedriver + 3990268
11  chromedriver                        0x0000000102e621c0 chromedriver + 3826112
12  chromedriver                        0x0000000102ea6088 chromedriver + 4104328
13  chromedriver                        0x0000000102ea61e0 chromedriver + 4104672
14  chromedriver                        0x0000000102eb5f28 chromedriver + 4169512
15  libsystem_pthread.dylib             0x0000000184903fa8 _pthread_start + 148
16  libsystem_pthread.dylib             0x00000001848feda0 thread_start + 8

2023-09-14 15:02:18,841 [ERROR]: Message: 
Stacktrace:
0   chromedriver                        0x0000000102ec3f48 chromedriver + 4226888
1   chromedriver                        0x0000000102ebc4f4 chromedriver + 4195572
2   chromedriver                        0x0000000102b00d68 chromedriver + 281960
3   chromedriver                        0x0000000102b3bfc8 chromedriver + 524232
4   chromedriver                        0x0000000102b72c58 chromedriver + 748632
5   chromedriver                        0x0000000102b2ff1c chromedriver + 474908
6   chromedriver                        0x0000000102b30ef4 chromedriver + 478964
7   chromedriver                        0x0000000102e8559c chromedriver + 3970460
8   chromedriver                        0x0000000102e896f0 chromedriver + 3987184
9   chromedriver                        0x0000000102e8f5b4 chromedriver + 4011444
10  chromedriver                        0x0000000102e8a2fc chromedriver + 3990268
11  chromedriver                        0x0000000102e621c0 chromedriver + 3826112
12  chromedriver                        0x0000000102ea6088 chromedriver + 4104328
13  chromedriver                        0x0000000102ea61e0 chromedriver + 4104672
14  chromedriver                        0x0000000102eb5f28 chromedriver + 4169512
15  libsystem_pthread.dylib             0x0000000184903fa8 _pthread_start + 148
16  libsystem_pthread.dylib             0x00000001848feda0 thread_start + 8

2023-09-14 15:02:38,305 [ERROR]: Message: 
Stacktrace:
0   chromedriver                        0x0000000102ec3f48 chromedriver + 4226888
1   chromedriver                        0x0000000102ebc4f4 chromedriver + 4195572
2   chromedriver                        0x0000000102b00d68 chromedriver + 281960
3   chromedriver                        0x0000000102b3bfc8 chromedriver + 524232
4   chromedriver                        0x0000000102b72c58 chromedriver + 748632
5   chromedriver                        0x0000000102b2ff1c chromedriver + 474908
6   chromedriver                        0x0000000102b30ef4 chromedriver + 478964
7   chromedriver                        0x0000000102e8559c chromedriver + 3970460
8   chromedriver                        0x0000000102e896f0 chromedriver + 3987184
9   chromedriver                        0x0000000102e8f5b4 chromedriver + 4011444
10  chromedriver                        0x0000000102e8a2fc chromedriver + 3990268
11  chromedriver                        0x0000000102e621c0 chromedriver + 3826112
12  chromedriver                        0x0000000102ea6088 chromedriver + 4104328
13  chromedriver                        0x0000000102ea61e0 chromedriver + 4104672
14  chromedriver                        0x0000000102eb5f28 chromedriver + 4169512
15  libsystem_pthread.dylib             0x0000000184903fa8 _pthread_start + 148
16  libsystem_pthread.dylib             0x00000001848feda0 thread_start + 8

2023-09-14 15:03:33,086 [ERROR]: Message: 
Stacktrace:
0   chromedriver                        0x0000000102ec3f48 chromedriver + 4226888
1   chromedriver                        0x0000000102ebc4f4 chromedriver + 4195572
2   chromedriver                        0x0000000102b00d68 chromedriver + 281960
3   chromedriver                        0x0000000102b3bfc8 chromedriver + 524232
4   chromedriver                        0x0000000102b72c58 chromedriver + 748632
5   chromedriver                        0x0000000102b2ff1c chromedriver + 474908
6   chromedriver                        0x0000000102b30ef4 chromedriver + 478964
7   chromedriver                        0x0000000102e8559c chromedriver + 3970460
8   chromedriver                        0x0000000102e896f0 chromedriver + 3987184
9   chromedriver                        0x0000000102e8f5b4 chromedriver + 4011444
10  chromedriver                        0x0000000102e8a2fc chromedriver + 3990268
11  chromedriver                        0x0000000102e621c0 chromedriver + 3826112
12  chromedriver                        0x0000000102ea6088 chromedriver + 4104328
13  chromedriver                        0x0000000102ea61e0 chromedriver + 4104672
14  chromedriver                        0x0000000102eb5f28 chromedriver + 4169512
15  libsystem_pthread.dylib             0x0000000184903fa8 _pthread_start + 148
16  libsystem_pthread.dylib             0x00000001848feda0 thread_start + 8

2023-09-14 15:04:08,306 [ERROR]: Message: 
Stacktrace:
0   chromedriver                        0x0000000104a13f48 chromedriver + 4226888
1   chromedriver                        0x0000000104a0c4f4 chromedriver + 4195572
2   chromedriver                        0x0000000104650d68 chromedriver + 281960
3   chromedriver                        0x000000010468bfc8 chromedriver + 524232
4   chromedriver                        0x00000001046c2c58 chromedriver + 748632
5   chromedriver                        0x000000010467ff1c chromedriver + 474908
6   chromedriver                        0x0000000104680ef4 chromedriver + 478964
7   chromedriver                        0x00000001049d559c chromedriver + 3970460
8   chromedriver                        0x00000001049d96f0 chromedriver + 3987184
9   chromedriver                        0x00000001049df5b4 chromedriver + 4011444
10  chromedriver                        0x00000001049da2fc chromedriver + 3990268
11  chromedriver                        0x00000001049b21c0 chromedriver + 3826112
12  chromedriver                        0x00000001049f6088 chromedriver + 4104328
13  chromedriver                        0x00000001049f61e0 chromedriver + 4104672
14  chromedriver                        0x0000000104a05f28 chromedriver + 4169512
15  libsystem_pthread.dylib             0x0000000184903fa8 _pthread_start + 148
16  libsystem_pthread.dylib             0x00000001848feda0 thread_start + 8

2023-09-14 15:06:52,667 [ERROR]: Message: 
Stacktrace:
0   chromedriver                        0x0000000102ec3f48 chromedriver + 4226888
1   chromedriver                        0x0000000102ebc4f4 chromedriver + 4195572
2   chromedriver                        0x0000000102b00d68 chromedriver + 281960
3   chromedriver                        0x0000000102b3bfc8 chromedriver + 524232
4   chromedriver                        0x0000000102b72c58 chromedriver + 748632
5   chromedriver                        0x0000000102b2ff1c chromedriver + 474908
6   chromedriver                        0x0000000102b30ef4 chromedriver + 478964
7   chromedriver                        0x0000000102e8559c chromedriver + 3970460
8   chromedriver                        0x0000000102e896f0 chromedriver + 3987184
9   chromedriver                        0x0000000102e8f5b4 chromedriver + 4011444
10  chromedriver                        0x0000000102e8a2fc chromedriver + 3990268
11  chromedriver                        0x0000000102e621c0 chromedriver + 3826112
12  chromedriver                        0x0000000102ea6088 chromedriver + 4104328
13  chromedriver                        0x0000000102ea61e0 chromedriver + 4104672
14  chromedriver                        0x0000000102eb5f28 chromedriver + 4169512
15  libsystem_pthread.dylib             0x0000000184903fa8 _pthread_start + 148
16  libsystem_pthread.dylib             0x00000001848feda0 thread_start + 8

2023-09-14 15:09:35,596 [ERROR]: Unexpected error: Message: element not interactable
  (Session info: chrome=115.0.5790.170)
Stacktrace:
0   chromedriver                        0x0000000104a7bf48 chromedriver + 4226888
1   chromedriver                        0x0000000104a744f4 chromedriver + 4195572
2   chromedriver                        0x00000001046b8be8 chromedriver + 281576
3   chromedriver                        0x00000001046f5674 chromedriver + 530036
4   chromedriver                        0x00000001046e9eec chromedriver + 483052
5   chromedriver                        0x00000001046e9734 chromedriver + 481076
6   chromedriver                        0x000000010472ac58 chromedriver + 748632
7   chromedriver                        0x00000001046e7f1c chromedriver + 474908
8   chromedriver                        0x00000001046e8ef4 chromedriver + 478964
9   chromedriver                        0x0000000104a3d59c chromedriver + 3970460
10  chromedriver                        0x0000000104a416f0 chromedriver + 3987184
11  chromedriver                        0x0000000104a475b4 chromedriver + 4011444
12  chromedriver                        0x0000000104a422fc chromedriver + 3990268
13  chromedriver                        0x0000000104a1a1c0 chromedriver + 3826112
14  chromedriver                        0x0000000104a5e088 chromedriver + 4104328
15  chromedriver                        0x0000000104a5e1e0 chromedriver + 4104672
16  chromedriver                        0x0000000104a6df28 chromedriver + 4169512
17  libsystem_pthread.dylib             0x0000000184903fa8 _pthread_start + 148
18  libsystem_pthread.dylib             0x00000001848feda0 thread_start + 8

2023-09-14 15:09:35,596 [ERROR]: Unexpected error: Error - No button
2023-09-14 15:26:09,908 [ERROR]: Unexpected error: Message: 
Stacktrace:
0   chromedriver                        0x0000000104b7ff48 chromedriver + 4226888
1   chromedriver                        0x0000000104b784f4 chromedriver + 4195572
2   chromedriver                        0x00000001047bcd68 chromedriver + 281960
3   chromedriver                        0x00000001047f7fc8 chromedriver + 524232
4   chromedriver                        0x000000010482ec58 chromedriver + 748632
5   chromedriver                        0x00000001047ebf1c chromedriver + 474908
6   chromedriver                        0x00000001047ecef4 chromedriver + 478964
7   chromedriver                        0x0000000104b4159c chromedriver + 3970460
8   chromedriver                        0x0000000104b456f0 chromedriver + 3987184
9   chromedriver                        0x0000000104b4b5b4 chromedriver + 4011444
10  chromedriver                        0x0000000104b462fc chromedriver + 3990268
11  chromedriver                        0x0000000104b1e1c0 chromedriver + 3826112
12  chromedriver                        0x0000000104b62088 chromedriver + 4104328
13  chromedriver                        0x0000000104b621e0 chromedriver + 4104672
14  chromedriver                        0x0000000104b71f28 chromedriver + 4169512
15  libsystem_pthread.dylib             0x0000000184903fa8 _pthread_start + 148
16  libsystem_pthread.dylib             0x00000001848feda0 thread_start + 8

2023-09-14 15:26:09,909 [ERROR]: Unexpected error: Error - No button
